# JRE version: OpenJDK Runtime Environment Temurin-17.0.2+8 (17.0.2+8) (build 17.0.2+8)
# Java VM: OpenJDK 64-Bit Server VM Temurin-17.0.2+8 (17.0.2+8, mixed mode, tiered, compressed oops, compressed class ptrs, g1 gc, windows-amd64)
GC Precious Log:
 CPUs: 2 total, 2 available
 Memory: 8190M
 Large Page Support: Disabled
 NUMA Support: Disabled
 Compressed Oops: Enabled (32-bit)
 Heap Region Size: 1M
 Heap Min Capacity: 8M
 Heap Initial Capacity: 128M
 Heap Max Capacity: 2G
 Pre-touch: Disabled
 Parallel Workers: 2
 Concurrent Workers: 1
 Concurrent Refinement Workers: 2
 Periodic GC: Disabled
Heap:
 garbage-first heap   total 416768K, used 188404K [0x0000000080000000, 0x0000000100000000)
  region size 1024K, 1 young (1024K), 1 survivors (1024K)
 Metaspace       used 51227K, committed 51456K, reserved 1097728K
  class space    used 5657K, committed 5760K, reserved 1048576K
GC Heap History (20 events):
Event: 163.071 GC heap after
{Heap after GC invocations=40 (full 8):
 garbage-first heap   total 375808K, used 144732K [0x0000000080000000, 0x0000000100000000)
  region size 1024K, 2 young (2048K), 2 survivors (2048K)
 Metaspace       used 47534K, committed 47936K, reserved 1097728K
  class space    used 5268K, committed 5440K, reserved 1048576K
}
Event: 163.103 GC heap before
{Heap before GC invocations=40 (full 8):
 garbage-first heap   total 375808K, used 189788K [0x0000000080000000, 0x0000000100000000)
  region size 1024K, 24 young (24576K), 2 survivors (2048K)
 Metaspace       used 47534K, committed 47936K, reserved 1097728K
  class space    used 5268K, committed 5440K, reserved 1048576K
}
Event: 163.272 GC heap after
{Heap after GC invocations=41 (full 9):
 garbage-first heap   total 375808K, used 152141K [0x0000000080000000, 0x0000000100000000)
  region size 1024K, 0 young (0K), 0 survivors (0K)
 Metaspace       used 47534K, committed 47936K, reserved 1097728K
  class space    used 5268K, committed 5440K, reserved 1048576K
}
Event: 178.085 GC heap before
{Heap before GC invocations=41 (full 9):
 garbage-first heap   total 375808K, used 193101K [0x0000000080000000, 0x0000000100000000)
  region size 1024K, 27 young (27648K), 0 survivors (0K)
 Metaspace       used 47592K, committed 47936K, reserved 1097728K
  class space    used 5269K, committed 5440K, reserved 1048576K
}
Event: 178.089 GC heap after
{Heap after GC invocations=42 (full 9):
 garbage-first heap   total 375808K, used 154883K [0x0000000080000000, 0x0000000100000000)
  region size 1024K, 3 young (3072K), 3 survivors (3072K)
 Metaspace       used 47592K, committed 47936K, reserved 1097728K
  class space    used 5269K, committed 5440K, reserved 1048576K
}
Event: 178.287 GC heap before
{Heap before GC invocations=42 (full 9):
 garbage-first heap   total 375808K, used 171267K [0x0000000080000000, 0x0000000100000000)
  region size 1024K, 5 young (5120K), 3 survivors (3072K)
 Metaspace       used 47613K, committed 47936K, reserved 1097728K
  class space    used 5269K, committed 5440K, reserved 1048576K
}
Event: 178.291 GC heap after
{Heap after GC invocations=43 (full 9):
 garbage-first heap   total 375808K, used 159541K [0x0000000080000000, 0x0000000100000000)
  region size 1024K, 3 young (3072K), 3 survivors (3072K)
 Metaspace       used 47613K, committed 47936K, reserved 1097728K
  class space    used 5269K, committed 5440K, reserved 1048576K
}
Event: 178.366 GC heap before
{Heap before GC invocations=43 (full 9):
 garbage-first heap   total 375808K, used 169781K [0x0000000080000000, 0x0000000100000000)
  region size 1024K, 4 young (4096K), 3 survivors (3072K)
 Metaspace       used 47613K, committed 47936K, reserved 1097728K
  class space    used 5269K, committed 5440K, reserved 1048576K
}
Event: 178.369 GC heap after
{Heap after GC invocations=44 (full 9):
 garbage-first heap   total 375808K, used 164854K [0x0000000080000000, 0x0000000100000000)
  region size 1024K, 3 young (3072K), 3 survivors (3072K)
 Metaspace       used 47613K, committed 47936K, reserved 1097728K
  class space    used 5269K, committed 5440K, reserved 1048576K
}
Event: 178.449 GC heap before
{Heap before GC invocations=44 (full 9):
 garbage-first heap   total 375808K, used 184310K [0x0000000080000000, 0x0000000100000000)
  region size 1024K, 4 young (4096K), 3 survivors (3072K)
 Metaspace       used 47613K, committed 47936K, reserved 1097728K
  class space    used 5269K, committed 5440K, reserved 1048576K
}
Event: 178.452 GC heap after
{Heap after GC invocations=45 (full 9):
 garbage-first heap   total 375808K, used 174063K [0x0000000080000000, 0x0000000100000000)
  region size 1024K, 3 young (3072K), 3 survivors (3072K)
 Metaspace       used 47613K, committed 47936K, reserved 1097728K
  class space    used 5269K, committed 5440K, reserved 1048576K
}
Event: 180.081 GC heap before
{Heap before GC invocations=46 (full 9):
 garbage-first heap   total 416768K, used 288751K [0x0000000080000000, 0x0000000100000000)
  region size 1024K, 27 young (27648K), 3 survivors (3072K)
 Metaspace       used 50718K, committed 51008K, reserved 1097728K
  class space    used 5656K, committed 5760K, reserved 1048576K
}
Event: 180.100 GC heap after
{Heap after GC invocations=47 (full 9):
 garbage-first heap   total 416768K, used 161357K [0x0000000080000000, 0x0000000100000000)
  region size 1024K, 9 young (9216K), 9 survivors (9216K)
 Metaspace       used 50718K, committed 51008K, reserved 1097728K
  class space    used 5656K, committed 5760K, reserved 1048576K
}
Event: 181.169 GC heap before
{Heap before GC invocations=47 (full 9):
 garbage-first heap   total 416768K, used 255565K [0x0000000080000000, 0x0000000100000000)
  region size 1024K, 76 young (77824K), 9 survivors (9216K)
 Metaspace       used 51167K, committed 51392K, reserved 1097728K
  class space    used 5657K, committed 5760K, reserved 1048576K
}
Event: 181.183 GC heap after
{Heap after GC invocations=48 (full 9):
 garbage-first heap   total 416768K, used 169956K [0x0000000080000000, 0x0000000100000000)
  region size 1024K, 2 young (2048K), 2 survivors (2048K)
 Metaspace       used 51167K, committed 51392K, reserved 1097728K
  class space    used 5657K, committed 5760K, reserved 1048576K
}
Event: 181.800 GC heap before
{Heap before GC invocations=48 (full 9):
 garbage-first heap   total 416768K, used 252900K [0x0000000080000000, 0x0000000100000000)
  region size 1024K, 67 young (68608K), 2 survivors (2048K)
 Metaspace       used 51185K, committed 51456K, reserved 1097728K
  class space    used 5657K, committed 5760K, reserved 1048576K
}
Event: 181.803 GC heap after
{Heap after GC invocations=49 (full 9):
 garbage-first heap   total 416768K, used 175205K [0x0000000080000000, 0x0000000100000000)
  region size 1024K, 1 young (1024K), 1 survivors (1024K)
 Metaspace       used 51185K, committed 51456K, reserved 1097728K
  class space    used 5657K, committed 5760K, reserved 1048576K
}
Event: 181.823 GC heap before
{Heap before GC invocations=49 (full 9):
 garbage-first heap   total 416768K, used 179301K [0x0000000080000000, 0x0000000100000000)
  region size 1024K, 2 young (2048K), 1 survivors (1024K)
 Metaspace       used 51185K, committed 51456K, reserved 1097728K
  class space    used 5657K, committed 5760K, reserved 1048576K
}
Event: 181.825 GC heap after
{Heap after GC invocations=50 (full 9):
 garbage-first heap   total 416768K, used 174751K [0x0000000080000000, 0x0000000100000000)
  region size 1024K, 1 young (1024K), 1 survivors (1024K)
 Metaspace       used 51185K, committed 51456K, reserved 1097728K
  class space    used 5657K, committed 5760K, reserved 1048576K
}
Event: 182.227 GC heap before
{Heap before GC invocations=50 (full 9):
 garbage-first heap   total 416768K, used 234143K [0x0000000080000000, 0x0000000100000000)
  region size 1024K, 34 young (34816K), 1 survivors (1024K)
 Metaspace       used 51227K, committed 51456K, reserved 1097728K
  class space    used 5657K, committed 5760K, reserved 1048576K
}

