# JRE version: OpenJDK Runtime Environment Temurin-17.0.1+12 (17.0.1+12) (build 17.0.1+12)
# Java VM: OpenJDK 64-Bit Server VM Temurin-17.0.1+12 (17.0.1+12, mixed mode, tiered, compressed oops, compressed class ptrs, g1 gc, windows-amd64)
GC Precious Log:
 CPUs: 2 total, 2 available
 Memory: 8190M
 Large Page Support: Disabled
 NUMA Support: Disabled
 Compressed Oops: Enabled (32-bit)
 Heap Region Size: 1M
 Heap Min Capacity: 8M
 Heap Initial Capacity: 128M
 Heap Max Capacity: 2G
 Pre-touch: Disabled
 Parallel Workers: 2
 Concurrent Workers: 1
 Concurrent Refinement Workers: 2
 Periodic GC: Disabled
Heap:
 garbage-first heap   total 267264K, used 87593K [0x0000000080000000, 0x0000000100000000)
  region size 1024K, 1 young (1024K), 1 survivors (1024K)
 Metaspace       used 49184K, committed 49536K, reserved 1097728K
  class space    used 5567K, committed 5760K, reserved 1048576K
GC Heap History (20 events):
Event: 17.352 GC heap after
{Heap after GC invocations=16 (full 0):
 garbage-first heap   total 89088K, used 38732K [0x0000000080000000, 0x0000000100000000)
  region size 1024K, 1 young (1024K), 1 survivors (1024K)
 Metaspace       used 46826K, committed 47168K, reserved 1097728K
  class space    used 5387K, committed 5568K, reserved 1048576K
}
Event: 17.353 GC heap before
{Heap before GC invocations=16 (full 0):
 garbage-first heap   total 89088K, used 41804K [0x0000000080000000, 0x0000000100000000)
  region size 1024K, 2 young (2048K), 1 survivors (1024K)
 Metaspace       used 46826K, committed 47168K, reserved 1097728K
  class space    used 5387K, committed 5568K, reserved 1048576K
}
Event: 17.354 GC heap after
{Heap after GC invocations=17 (full 0):
 garbage-first heap   total 89088K, used 39703K [0x0000000080000000, 0x0000000100000000)
  region size 1024K, 1 young (1024K), 1 survivors (1024K)
 Metaspace       used 46826K, committed 47168K, reserved 1097728K
  class space    used 5387K, committed 5568K, reserved 1048576K
}
Event: 17.355 GC heap before
{Heap before GC invocations=17 (full 0):
 garbage-first heap   total 89088K, used 41751K [0x0000000080000000, 0x0000000100000000)
  region size 1024K, 1 young (1024K), 1 survivors (1024K)
 Metaspace       used 46826K, committed 47168K, reserved 1097728K
  class space    used 5387K, committed 5568K, reserved 1048576K
}
Event: 17.358 GC heap after
{Heap after GC invocations=18 (full 0):
 garbage-first heap   total 267264K, used 38697K [0x0000000080000000, 0x0000000100000000)
  region size 1024K, 1 young (1024K), 1 survivors (1024K)
 Metaspace       used 46826K, committed 47168K, reserved 1097728K
  class space    used 5387K, committed 5568K, reserved 1048576K
}
Event: 18.951 GC heap before
{Heap before GC invocations=18 (full 0):
 garbage-first heap   total 267264K, used 143145K [0x0000000080000000, 0x0000000100000000)
  region size 1024K, 25 young (25600K), 1 survivors (1024K)
 Metaspace       used 46873K, committed 47232K, reserved 1097728K
  class space    used 5387K, committed 5568K, reserved 1048576K
}
Event: 18.972 GC heap after
{Heap after GC invocations=19 (full 0):
 garbage-first heap   total 267264K, used 48718K [0x0000000080000000, 0x0000000100000000)
  region size 1024K, 10 young (10240K), 10 survivors (10240K)
 Metaspace       used 46873K, committed 47232K, reserved 1097728K
  class space    used 5387K, committed 5568K, reserved 1048576K
}
Event: 32.119 GC heap before
{Heap before GC invocations=19 (full 0):
 garbage-first heap   total 267264K, used 187982K [0x0000000080000000, 0x0000000100000000)
  region size 1024K, 69 young (70656K), 10 survivors (10240K)
 Metaspace       used 48808K, committed 49088K, reserved 1097728K
  class space    used 5564K, committed 5696K, reserved 1048576K
}
Event: 32.138 GC heap after
{Heap after GC invocations=20 (full 0):
 garbage-first heap   total 267264K, used 55427K [0x0000000080000000, 0x0000000100000000)
  region size 1024K, 2 young (2048K), 2 survivors (2048K)
 Metaspace       used 48808K, committed 49088K, reserved 1097728K
  class space    used 5564K, committed 5696K, reserved 1048576K
}
Event: 32.985 GC heap before
{Heap before GC invocations=20 (full 0):
 garbage-first heap   total 267264K, used 144515K [0x0000000080000000, 0x0000000100000000)
  region size 1024K, 27 young (27648K), 2 survivors (2048K)
 Metaspace       used 48812K, committed 49088K, reserved 1097728K
  class space    used 5564K, committed 5696K, reserved 1048576K
}
Event: 33.006 GC heap after
{Heap after GC invocations=21 (full 0):
 garbage-first heap   total 267264K, used 68738K [0x0000000080000000, 0x0000000100000000)
  region size 1024K, 10 young (10240K), 10 survivors (10240K)
 Metaspace       used 48812K, committed 49088K, reserved 1097728K
  class space    used 5564K, committed 5696K, reserved 1048576K
}
Event: 33.487 GC heap before
{Heap before GC invocations=21 (full 0):
 garbage-first heap   total 267264K, used 140418K [0x0000000080000000, 0x0000000100000000)
  region size 1024K, 22 young (22528K), 10 survivors (10240K)
 Metaspace       used 48812K, committed 49088K, reserved 1097728K
  class space    used 5564K, committed 5696K, reserved 1048576K
}
Event: 33.502 GC heap after
{Heap after GC invocations=22 (full 0):
 garbage-first heap   total 267264K, used 69694K [0x0000000080000000, 0x0000000100000000)
  region size 1024K, 1 young (1024K), 1 survivors (1024K)
 Metaspace       used 48812K, committed 49088K, reserved 1097728K
  class space    used 5564K, committed 5696K, reserved 1048576K
}
Event: 45.399 GC heap before
{Heap before GC invocations=22 (full 0):
 garbage-first heap   total 267264K, used 144446K [0x0000000080000000, 0x0000000100000000)
  region size 1024K, 25 young (25600K), 1 survivors (1024K)
 Metaspace       used 49180K, committed 49536K, reserved 1097728K
  class space    used 5567K, committed 5760K, reserved 1048576K
}
Event: 45.401 GC heap after
{Heap after GC invocations=23 (full 0):
 garbage-first heap   total 267264K, used 74770K [0x0000000080000000, 0x0000000100000000)
  region size 1024K, 1 young (1024K), 1 survivors (1024K)
 Metaspace       used 49180K, committed 49536K, reserved 1097728K
  class space    used 5567K, committed 5760K, reserved 1048576K
}
Event: 46.113 GC heap before
{Heap before GC invocations=23 (full 0):
 garbage-first heap   total 267264K, used 134162K [0x0000000080000000, 0x0000000100000000)
  region size 1024K, 15 young (15360K), 1 survivors (1024K)
 Metaspace       used 49180K, committed 49536K, reserved 1097728K
  class space    used 5567K, committed 5760K, reserved 1048576K
}
Event: 46.126 GC heap after
{Heap after GC invocations=24 (full 0):
 garbage-first heap   total 267264K, used 85376K [0x0000000080000000, 0x0000000100000000)
  region size 1024K, 10 young (10240K), 10 survivors (10240K)
 Metaspace       used 49180K, committed 49536K, reserved 1097728K
  class space    used 5567K, committed 5760K, reserved 1048576K
}
Event: 46.159 GC heap before
{Heap before GC invocations=24 (full 0):
 garbage-first heap   total 267264K, used 135552K [0x0000000080000000, 0x0000000100000000)
  region size 1024K, 22 young (22528K), 10 survivors (10240K)
 Metaspace       used 49184K, committed 49536K, reserved 1097728K
  class space    used 5567K, committed 5760K, reserved 1048576K
}
Event: 46.171 GC heap after
{Heap after GC invocations=25 (full 0):
 garbage-first heap   total 267264K, used 92333K [0x0000000080000000, 0x0000000100000000)
  region size 1024K, 1 young (1024K), 1 survivors (1024K)
 Metaspace       used 49184K, committed 49536K, reserved 1097728K
  class space    used 5567K, committed 5760K, reserved 1048576K
}
Event: 46.757 GC heap before
{Heap before GC invocations=25 (full 0):
 garbage-first heap   total 267264K, used 126125K [0x0000000080000000, 0x0000000100000000)
  region size 1024K, 7 young (7168K), 1 survivors (1024K)
 Metaspace       used 49184K, committed 49536K, reserved 1097728K
  class space    used 5567K, committed 5760K, reserved 1048576K
}

