{"failedCount":1,"prefixedPath":"classpath:karate\/DisapprovePermitApp.feature","packageQualifiedName":"karate.DisapprovePermitApp","loopIndex":-1,"relativePath":"karate\/DisapprovePermitApp.feature","scenarioResults":[{"sectionIndex":0,"stepResults":[{"result":{"nanos":603700,"millis":0.6037,"status":"passed"},"step":{"background":true,"line":3,"prefix":"*","index":0,"text":"url BaseURL"},"stepLog":"00:31:46.928 karate.env system property was: svamqa \n"},{"result":{"nanos":34499700,"millis":34.4997,"status":"passed"},"step":{"background":true,"line":4,"prefix":"*","index":1,"text":"def config = { username: '#(dbUserName)', password:'#(dbUserPassword)', url: '#(dbQuery)',driverClassName: 'com.microsoft.sqlserver.jdbc.SQLServerDriver' }"}},{"result":{"nanos":6630400,"millis":6.6304,"status":"passed"},"step":{"background":true,"line":5,"prefix":"*","index":2,"text":"def DbUtils = Java.type('utils.DbUtils')"}},{"result":{"nanos":28952700,"millis":28.9527,"status":"passed"},"step":{"background":true,"line":6,"prefix":"*","index":3,"text":"def db = new DbUtils(config)"}},{"result":{"nanos":0,"errorMessage":"js failed:\n>>>>\n01: read('\/LicenseInputs\/DisapprovePermitApp.csv')\n<<<<\norg.graalvm.polyglot.PolyglotException: java.io.FileNotFoundException: C:\\Users\\sagar\\eclipse-workspace\\SVAMInternalAPIFeeValidation\\target\\test-classes\\karate\\LicenseInputs\\DisapprovePermitApp.csv (The system cannot find the file specified)\n- com.intuit.karate.resource.FileResource.getStream(FileResource.java:98)\n- com.intuit.karate.core.ScenarioFileReader.readFileAsStream(ScenarioFileReader.java:99)\n- com.intuit.karate.core.ScenarioFileReader.readFileAsString(ScenarioFileReader.java:95)\n- com.intuit.karate.core.ScenarioFileReader.readFile(ScenarioFileReader.java:68)\n- com.intuit.karate.core.ScenarioEngine.lambda$new$0(ScenarioEngine.java:124)\n- <js>.:program(Unnamed:1)\n\nclasspath:karate\/DisapprovePermitApp.feature:432","millis":0.0,"status":"failed"},"step":{"endLine":0,"line":432,"prefix":"*","index":-1,"text":"dynamic expression evaluation failed: read('\/LicenseInputs\/DisapprovePermitApp.csv')"},"stepLog":"js failed:\n>>>>\n01: read('\/LicenseInputs\/DisapprovePermitApp.csv')\n<<<<\norg.graalvm.polyglot.PolyglotException: java.io.FileNotFoundException: C:\\Users\\sagar\\eclipse-workspace\\SVAMInternalAPIFeeValidation\\target\\test-classes\\karate\\LicenseInputs\\DisapprovePermitApp.csv (The system cannot find the file specified)\n- com.intuit.karate.resource.FileResource.getStream(FileResource.java:98)\n- com.intuit.karate.core.ScenarioFileReader.readFileAsStream(ScenarioFileReader.java:99)\n- com.intuit.karate.core.ScenarioFileReader.readFileAsString(ScenarioFileReader.java:95)\n- com.intuit.karate.core.ScenarioFileReader.readFile(ScenarioFileReader.java:68)\n- com.intuit.karate.core.ScenarioEngine.lambda$new$0(ScenarioEngine.java:124)\n- <js>.:program(Unnamed:1)\n\ncom.intuit.karate.KarateException: js failed:\n>>>>\n01: read('\/LicenseInputs\/DisapprovePermitApp.csv')\n<<<<\norg.graalvm.polyglot.PolyglotException: java.io.FileNotFoundException: C:\\Users\\sagar\\eclipse-workspace\\SVAMInternalAPIFeeValidation\\target\\test-classes\\karate\\LicenseInputs\\DisapprovePermitApp.csv (The system cannot find the file specified)\n- com.intuit.karate.resource.FileResource.getStream(FileResource.java:98)\n- com.intuit.karate.core.ScenarioFileReader.readFileAsStream(ScenarioFileReader.java:99)\n- com.intuit.karate.core.ScenarioFileReader.readFileAsString(ScenarioFileReader.java:95)\n- com.intuit.karate.core.ScenarioFileReader.readFile(ScenarioFileReader.java:68)\n- com.intuit.karate.core.ScenarioEngine.lambda$new$0(ScenarioEngine.java:124)\n- <js>.:program(Unnamed:1)\n\r\n\tat com.intuit.karate.graal.JsEngine.fromJsEvalException(JsEngine.java:230)\r\n\tat com.intuit.karate.core.ScenarioEngine.evalJs(ScenarioEngine.java:1254)\r\n\tat com.intuit.karate.core.ScenarioEngine.evalKarateExpression(ScenarioEngine.java:2205)\r\n\tat com.intuit.karate.core.ScenarioEngine.evalKarateExpression(ScenarioEngine.java:2124)\r\n\tat com.intuit.karate.core.ScenarioIterator.tryAdvance(ScenarioIterator.java:106)\r\n\tat java.util.stream.StreamSpliterators$WrappingSpliterator.lambda$initPartialTraversalState$0(StreamSpliterators.java:294)\r\n\tat java.util.stream.StreamSpliterators$AbstractWrappingSpliterator.fillBuffer(StreamSpliterators.java:206)\r\n\tat java.util.stream.StreamSpliterators$AbstractWrappingSpliterator.doAdvance(StreamSpliterators.java:161)\r\n\tat java.util.stream.StreamSpliterators$WrappingSpliterator.tryAdvance(StreamSpliterators.java:300)\r\n\tat java.util.Spliterators$1Adapter.hasNext(Spliterators.java:681)\r\n\tat com.intuit.karate.junit5.FeatureNode.hasNext(FeatureNode.java:62)\r\n\tat java.util.Iterator.forEachRemaining(Iterator.java:115)\r\n\tat java.util.Spliterators$IteratorSpliterator.forEachRemaining(Spliterators.java:1801)\r\n\tat java.util.stream.AbstractPipeline.copyInto(AbstractPipeline.java:482)\r\n\tat java.util.stream.AbstractPipeline.wrapAndCopyInto(AbstractPipeline.java:472)\r\n\tat java.util.stream.ForEachOps$ForEachOp.evaluateSequential(ForEachOps.java:151)\r\n\tat java.util.stream.ForEachOps$ForEachOp$OfRef.evaluateSequential(ForEachOps.java:174)\r\n\tat java.util.stream.AbstractPipeline.evaluate(AbstractPipeline.java:234)\r\n\tat java.util.stream.ReferencePipeline.forEachOrdered(ReferencePipeline.java:423)\r\n\tat org.junit.jupiter.engine.descriptor.DynamicContainerTestDescriptor.execute(DynamicContainerTestDescriptor.java:67)\r\n\tat org.junit.jupiter.engine.descriptor.DynamicContainerTestDescriptor.execute(DynamicContainerTestDescriptor.java:33)\r\n\tat org.junit.platform.engine.support.hierarchical.NodeTestTask.lambda$executeRecursively$6(NodeTestTask.java:151)\r\n\tat org.junit.platform.engine.support.hierarchical.ThrowableCollector.execute(ThrowableCollector.java:73)\r\n\tat org.junit.platform.engine.support.hierarchical.NodeTestTask.lambda$executeRecursively$8(NodeTestTask.java:141)\r\n\tat org.junit.platform.engine.support.hierarchical.Node.around(Node.java:137)\r\n\tat org.junit.platform.engine.support.hierarchical.NodeTestTask.lambda$executeRecursively$9(NodeTestTask.java:139)\r\n\tat org.junit.platform.engine.support.hierarchical.ThrowableCollector.execute(ThrowableCollector.java:73)\r\n\tat org.junit.platform.engine.support.hierarchical.NodeTestTask.executeRecursively(NodeTestTask.java:138)\r\n\tat org.junit.platform.engine.support.hierarchical.NodeTestTask.execute(NodeTestTask.java:95)\r\n\tat org.junit.platform.engine.support.hierarchical.SameThreadHierarchicalTestExecutorService.submit(SameThreadHierarchicalTestExecutorService.java:35)\r\n\tat org.junit.platform.engine.support.hierarchical.NodeTestTask$DefaultDynamicTestExecutor.execute(NodeTestTask.java:226)\r\n\tat org.junit.platform.engine.support.hierarchical.NodeTestTask$DefaultDynamicTestExecutor.execute(NodeTestTask.java:204)\r\n\tat java.util.Optional.ifPresent(Optional.java:159)\r\n\tat org.junit.jupiter.engine.descriptor.TestFactoryTestDescriptor.lambda$invokeTestMethod$1(TestFactoryTestDescriptor.java:108)\r\n\tat org.junit.platform.engine.support.hierarchical.ThrowableCollector.execute(ThrowableCollector.java:73)\r\n\tat org.junit.jupiter.engine.descriptor.TestFactoryTestDescriptor.invokeTestMethod(TestFactoryTestDescriptor.java:95)\r\n\tat org.junit.jupiter.engine.descriptor.TestMethodTestDescriptor.execute(TestMethodTestDescriptor.java:135)\r\n\tat org.junit.jupiter.engine.descriptor.TestMethodTestDescriptor.execute(TestMethodTestDescriptor.java:66)\r\n\tat org.junit.platform.engine.support.hierarchical.NodeTestTask.lambda$executeRecursively$6(NodeTestTask.java:151)\r\n\tat org.junit.platform.engine.support.hierarchical.ThrowableCollector.execute(ThrowableCollector.java:73)\r\n\tat org.junit.platform.engine.support.hierarchical.NodeTestTask.lambda$executeRecursively$8(NodeTestTask.java:141)\r\n\tat org.junit.platform.engine.support.hierarchical.Node.around(Node.java:137)\r\n\tat org.junit.platform.engine.support.hierarchical.NodeTestTask.lambda$executeRecursively$9(NodeTestTask.java:139)\r\n\tat org.junit.platform.engine.support.hierarchical.ThrowableCollector.execute(ThrowableCollector.java:73)\r\n\tat org.junit.platform.engine.support.hierarchical.NodeTestTask.executeRecursively(NodeTestTask.java:138)\r\n\tat org.junit.platform.engine.support.hierarchical.NodeTestTask.execute(NodeTestTask.java:95)\r\n\tat java.util.ArrayList.forEach(ArrayList.java:1259)\r\n\tat org.junit.platform.engine.support.hierarchical.SameThreadHierarchicalTestExecutorService.invokeAll(SameThreadHierarchicalTestExecutorService.java:41)\r\n\tat org.junit.platform.engine.support.hierarchical.NodeTestTask.lambda$executeRecursively$6(NodeTestTask.java:155)\r\n\tat org.junit.platform.engine.support.hierarchical.ThrowableCollector.execute(ThrowableCollector.java:73)\r\n\tat org.junit.platform.engine.support.hierarchical.NodeTestTask.lambda$executeRecursively$8(NodeTestTask.java:141)\r\n\tat org.junit.platform.engine.support.hierarchical.Node.around(Node.java:137)\r\n\tat org.junit.platform.engine.support.hierarchical.NodeTestTask.lambda$executeRecursively$9(NodeTestTask.java:139)\r\n\tat org.junit.platform.engine.support.hierarchical.ThrowableCollector.execute(ThrowableCollector.java:73)\r\n\tat org.junit.platform.engine.support.hierarchical.NodeTestTask.executeRecursively(NodeTestTask.java:138)\r\n\tat org.junit.platform.engine.support.hierarchical.NodeTestTask.execute(NodeTestTask.java:95)\r\n\tat java.util.ArrayList.forEach(ArrayList.java:1259)\r\n\tat org.junit.platform.engine.support.hierarchical.SameThreadHierarchicalTestExecutorService.invokeAll(SameThreadHierarchicalTestExecutorService.java:41)\r\n\tat org.junit.platform.engine.support.hierarchical.NodeTestTask.lambda$executeRecursively$6(NodeTestTask.java:155)\r\n\tat org.junit.platform.engine.support.hierarchical.ThrowableCollector.execute(ThrowableCollector.java:73)\r\n\tat org.junit.platform.engine.support.hierarchical.NodeTestTask.lambda$executeRecursively$8(NodeTestTask.java:141)\r\n\tat org.junit.platform.engine.support.hierarchical.Node.around(Node.java:137)\r\n\tat org.junit.platform.engine.support.hierarchical.NodeTestTask.lambda$executeRecursively$9(NodeTestTask.java:139)\r\n\tat org.junit.platform.engine.support.hierarchical.ThrowableCollector.execute(ThrowableCollector.java:73)\r\n\tat org.junit.platform.engine.support.hierarchical.NodeTestTask.executeRecursively(NodeTestTask.java:138)\r\n\tat org.junit.platform.engine.support.hierarchical.NodeTestTask.execute(NodeTestTask.java:95)\r\n\tat org.junit.platform.engine.support.hierarchical.SameThreadHierarchicalTestExecutorService.submit(SameThreadHierarchicalTestExecutorService.java:35)\r\n\tat org.junit.platform.engine.support.hierarchical.HierarchicalTestExecutor.execute(HierarchicalTestExecutor.java:57)\r\n\tat org.junit.platform.engine.support.hierarchical.HierarchicalTestEngine.execute(HierarchicalTestEngine.java:54)\r\n\tat org.junit.platform.launcher.core.EngineExecutionOrchestrator.execute(EngineExecutionOrchestrator.java:107)\r\n\tat org.junit.platform.launcher.core.EngineExecutionOrchestrator.execute(EngineExecutionOrchestrator.java:88)\r\n\tat org.junit.platform.launcher.core.EngineExecutionOrchestrator.lambda$execute$0(EngineExecutionOrchestrator.java:54)\r\n\tat org.junit.platform.launcher.core.EngineExecutionOrchestrator.withInterceptedStreams(EngineExecutionOrchestrator.java:67)\r\n\tat org.junit.platform.launcher.core.EngineExecutionOrchestrator.execute(EngineExecutionOrchestrator.java:52)\r\n\tat org.junit.platform.launcher.core.DefaultLauncher.execute(DefaultLauncher.java:114)\r\n\tat org.junit.platform.launcher.core.DefaultLauncher.execute(DefaultLauncher.java:95)\r\n\tat org.junit.platform.launcher.core.DefaultLauncherSession$DelegatingLauncher.execute(DefaultLauncherSession.java:91)\r\n\tat org.junit.platform.launcher.core.SessionPerRequestLauncher.execute(SessionPerRequestLauncher.java:60)\r\n\tat org.eclipse.jdt.internal.junit5.runner.JUnit5TestReference.run(JUnit5TestReference.java:98)\r\n\tat org.eclipse.jdt.internal.junit.runner.TestExecution.run(TestExecution.java:40)\r\n\tat org.eclipse.jdt.internal.junit.runner.RemoteTestRunner.runTests(RemoteTestRunner.java:529)\r\n\tat org.eclipse.jdt.internal.junit.runner.RemoteTestRunner.runTests(RemoteTestRunner.java:756)\r\n\tat org.eclipse.jdt.internal.junit.runner.RemoteTestRunner.run(RemoteTestRunner.java:452)\r\n\tat org.eclipse.jdt.internal.junit.runner.RemoteTestRunner.main(RemoteTestRunner.java:210)\r\n"}],"line":432,"description":"","durationMillis":70.6865,"failed":true,"error":"js failed:\n>>>>\n01: read('\/LicenseInputs\/DisapprovePermitApp.csv')\n<<<<\norg.graalvm.polyglot.PolyglotException: java.io.FileNotFoundException: C:\\Users\\sagar\\eclipse-workspace\\SVAMInternalAPIFeeValidation\\target\\test-classes\\karate\\LicenseInputs\\DisapprovePermitApp.csv (The system cannot find the file specified)\n- com.intuit.karate.resource.FileResource.getStream(FileResource.java:98)\n- com.intuit.karate.core.ScenarioFileReader.readFileAsStream(ScenarioFileReader.java:99)\n- com.intuit.karate.core.ScenarioFileReader.readFileAsString(ScenarioFileReader.java:95)\n- com.intuit.karate.core.ScenarioFileReader.readFile(ScenarioFileReader.java:68)\n- com.intuit.karate.core.ScenarioEngine.lambda$new$0(ScenarioEngine.java:124)\n- <js>.:program(Unnamed:1)\n\nclasspath:karate\/DisapprovePermitApp.feature:432","executorName":"main","name":"Intake License Submission","startTime":1674154906798,"refId":"[1.1:432]","endTime":0,"exampleIndex":0}],"callDepth":0,"name":"IntakeLicense","description":"","resultDate":"2023-01-20 12:31:47 AM","durationMillis":70.6865,"passedCount":0}